Using pre-set license
Built from '6000.0/staging' branch; Version is '6000.0.32f1 (b2e806cf271c) revision 11724806'; Using compiler version '193933523'; Build Type 'Release'
OS: 'Windows 11  (10.0.22631) 64bit Core' Language: 'cs' Physical Memory: 32694 MB
BatchMode: 1, IsHumanControllingUs: 0, StartBugReporterOnCrash: 0, Is64bit: 1, IsPro: 1

COMMAND LINE ARGUMENTS:
C:\Program Files\Unity\Hub\Editor\6000.0.32f1\Editor\Unity.exe
-adb2
-batchMode
-noUpm
-name
AssetImportWorker6
-projectPath
C:/Users/micha/My project
-logFile
Logs/AssetImportWorker6.log
-srvPort
58841
-job-worker-count
5
-background-job-worker-count
8
-gc-helper-count
1
Successfully changed project path to: C:/Users/micha/My project
C:/Users/micha/My project
[UnityMemory] Configuration Parameters - Can be set up in boot.config
    "memorysetup-bucket-allocator-granularity=16"
    "memorysetup-bucket-allocator-bucket-count=8"
    "memorysetup-bucket-allocator-block-size=33554432"
    "memorysetup-bucket-allocator-block-count=8"
    "memorysetup-main-allocator-block-size=16777216"
    "memorysetup-thread-allocator-block-size=16777216"
    "memorysetup-gfx-main-allocator-block-size=16777216"
    "memorysetup-gfx-thread-allocator-block-size=16777216"
    "memorysetup-cache-allocator-block-size=4194304"
    "memorysetup-typetree-allocator-block-size=2097152"
    "memorysetup-profiler-bucket-allocator-granularity=16"
    "memorysetup-profiler-bucket-allocator-bucket-count=8"
    "memorysetup-profiler-bucket-allocator-block-size=33554432"
    "memorysetup-profiler-bucket-allocator-block-count=8"
    "memorysetup-profiler-allocator-block-size=16777216"
    "memorysetup-profiler-editor-allocator-block-size=1048576"
    "memorysetup-temp-allocator-size-main=16777216"
    "memorysetup-job-temp-allocator-block-size=2097152"
    "memorysetup-job-temp-allocator-block-size-background=1048576"
    "memorysetup-job-temp-allocator-reduction-small-platforms=262144"
    "memorysetup-allocator-temp-initial-block-size-main=262144"
    "memorysetup-allocator-temp-initial-block-size-worker=262144"
    "memorysetup-temp-allocator-size-background-worker=32768"
    "memorysetup-temp-allocator-size-job-worker=262144"
    "memorysetup-temp-allocator-size-preload-manager=33554432"
    "memorysetup-temp-allocator-size-nav-mesh-worker=65536"
    "memorysetup-temp-allocator-size-audio-worker=65536"
    "memorysetup-temp-allocator-size-cloud-worker=32768"
    "memorysetup-temp-allocator-size-gi-baking-worker=262144"
    "memorysetup-temp-allocator-size-gi-baking-worker=262144"
    "memorysetup-temp-allocator-size-gi-baking-worker=262144"
    "memorysetup-temp-allocator-size-gi-baking-worker=262144"
    "memorysetup-temp-allocator-size-gi-baking-worker=262144"
    "memorysetup-temp-allocator-size-gfx=262144"
Player connection [33324]  Target information:

Player connection [33324]  * "[IP] 10.0.1.183 [Port] 0 [Flags] 2 [Guid] 4066121993 [EditorId] 4066121993 [Version] 1048832 [Id] WindowsEditor(7,DESKTOP-E385IMB) [Debug] 1 [PackageName] WindowsEditor [ProjectName] Editor" 

Player connection [33324] Host joined multi-casting on [225.0.0.222:54997]...
Player connection [33324] Host joined alternative multi-casting on [225.0.0.222:34997]...
JobSystem: Creating JobQueue using job-worker-count value 5
[Physics::Module] Initialized fallback backend.
[Physics::Module] Id: 0xdecafbad
Library Redirect Path: Library/
[Physics::Module] Selected backend.
[Physics::Module] Name: PhysX
[Physics::Module] Id: 0xf2b8ea05
[Physics::Module] SDK Version: 4.1.2
[Physics::Module] Integration Version: 1.0.0
[Physics::Module] Threading Mode: Multi-Threaded
Refreshing native plugins compatible for Editor in 2.40 ms, found 4 plugins.
Preloading 0 native plugins for Editor in 0.00 ms.
Initialize engine version: 6000.0.32f1 (b2e806cf271c)
[Subsystems] Discovering subsystems at path C:/Program Files/Unity/Hub/Editor/6000.0.32f1/Editor/Data/Resources/UnitySubsystems
[Subsystems] Discovering subsystems at path C:/Users/micha/My project/Assets
GfxDevice: creating device client; kGfxThreadingModeNonThreaded
Direct3D:
    Version:  Direct3D 11.0 [level 11.1]
    Renderer: NVIDIA GeForce RTX 3070 Ti (ID=0x2482)
    Vendor:   NVIDIA
    VRAM:     8018 MB
    Driver:   32.0.15.6603
Initialize mono
Mono path[0] = 'C:/Program Files/Unity/Hub/Editor/6000.0.32f1/Editor/Data/Managed'
Mono path[1] = 'C:/Program Files/Unity/Hub/Editor/6000.0.32f1/Editor/Data/MonoBleedingEdge/lib/mono/unityjit-win32'
Mono config path = 'C:/Program Files/Unity/Hub/Editor/6000.0.32f1/Editor/Data/MonoBleedingEdge/etc'
Using monoOptions --debugger-agent=transport=dt_socket,embedding=1,server=y,suspend=n,address=127.0.0.1:56612
Begin MonoManager ReloadAssembly
Registering precompiled unity dll's ...
Register platform support module: C:/Program Files/Unity/Hub/Editor/6000.0.32f1/Editor/Data/PlaybackEngines/WebGLSupport/UnityEditor.WebGL.Extensions.dll
Register platform support module: C:/Program Files/Unity/Hub/Editor/6000.0.32f1/Editor/Data/PlaybackEngines/WindowsStandaloneSupport/UnityEditor.WindowsStandalone.Extensions.dll
Registered in 0.003912 seconds.
- Loaded All Assemblies, in  0.309 seconds
Native extension for WindowsStandalone target not found
Native extension for WebGL target not found
Mono: successfully reloaded assembly
- Finished resetting the current domain, in  0.287 seconds
Domain Reload Profiling: 593ms
	BeginReloadAssembly (104ms)
		ExecutionOrderSort (0ms)
		DisableScriptedObjects (0ms)
		BackupInstance (0ms)
		ReleaseScriptingObjects (0ms)
		CreateAndSetChildDomain (1ms)
	RebuildCommonClasses (28ms)
	RebuildNativeTypeToScriptingClass (10ms)
	initialDomainReloadingComplete (41ms)
	LoadAllAssembliesAndSetupDomain (123ms)
		LoadAssemblies (101ms)
		RebuildTransferFunctionScriptingTraits (0ms)
		AnalyzeDomain (121ms)
			TypeCache.Refresh (120ms)
				TypeCache.ScanAssembly (109ms)
			BuildScriptInfoCaches (0ms)
			ResolveRequiredComponents (0ms)
	FinalizeReload (287ms)
		ReleaseScriptCaches (0ms)
		RebuildScriptCaches (0ms)
		SetupLoadedEditorAssemblies (246ms)
			LogAssemblyErrors (0ms)
			InitializePlatformSupportModulesInManaged (23ms)
			SetLoadedEditorAssemblies (3ms)
			BeforeProcessingInitializeOnLoad (46ms)
			ProcessInitializeOnLoadAttributes (124ms)
			ProcessInitializeOnLoadMethodAttributes (49ms)
			AfterProcessingInitializeOnLoad (0ms)
			EditorAssembliesLoaded (0ms)
		ExecutionOrderSort2 (0ms)
		AwakeInstancesAfterBackupRestoration (0ms)
========================================================================
Worker process is ready to serve import requests
Import Worker Mode flag is 0x00
Begin MonoManager ReloadAssembly
- Loaded All Assemblies, in  0.686 seconds
Refreshing native plugins compatible for Editor in 2.32 ms, found 4 plugins.
Native extension for WindowsStandalone target not found
Native extension for WebGL target not found
Mono: successfully reloaded assembly
- Finished resetting the current domain, in  0.641 seconds
Domain Reload Profiling: 1322ms
	BeginReloadAssembly (137ms)
		ExecutionOrderSort (0ms)
		DisableScriptedObjects (5ms)
		BackupInstance (0ms)
		ReleaseScriptingObjects (0ms)
		CreateAndSetChildDomain (24ms)
	RebuildCommonClasses (29ms)
	RebuildNativeTypeToScriptingClass (10ms)
	initialDomainReloadingComplete (32ms)
	LoadAllAssembliesAndSetupDomain (473ms)
		LoadAssemblies (316ms)
		RebuildTransferFunctionScriptingTraits (0ms)
		AnalyzeDomain (239ms)
			TypeCache.Refresh (170ms)
				TypeCache.ScanAssembly (157ms)
			BuildScriptInfoCaches (57ms)
			ResolveRequiredComponents (10ms)
	FinalizeReload (641ms)
		ReleaseScriptCaches (0ms)
		RebuildScriptCaches (0ms)
		SetupLoadedEditorAssemblies (528ms)
			LogAssemblyErrors (0ms)
			InitializePlatformSupportModulesInManaged (2ms)
			SetLoadedEditorAssemblies (4ms)
			BeforeProcessingInitializeOnLoad (94ms)
			ProcessInitializeOnLoadAttributes (341ms)
			ProcessInitializeOnLoadMethodAttributes (81ms)
			AfterProcessingInitializeOnLoad (5ms)
			EditorAssembliesLoaded (0ms)
		ExecutionOrderSort2 (0ms)
		AwakeInstancesAfterBackupRestoration (4ms)
Launched and connected shader compiler UnityShaderCompiler.exe after 0.01 seconds
Refreshing native plugins compatible for Editor in 1.60 ms, found 4 plugins.
Preloading 0 native plugins for Editor in 0.00 ms.
Unloading 219 Unused Serialized files (Serialized files now loaded: 0)
Unloading 6573 unused Assets / (4.7 MB). Loaded Objects now: 7267.
Memory consumption went from 178.1 MB to 173.4 MB.
Total: 7.027200 ms (FindLiveObjects: 0.541700 ms CreateObjectMapping: 0.594000 ms MarkObjects: 4.008500 ms  DeleteObjects: 1.882500 ms)

========================================================================
Received Import Request.
  Time since last request: 214109.615837 seconds.
  path: Assets/Prefabs/EndPoint.prefab
  artifactKey: Guid(22efa01ae997022469c225a04bb59a1c) Importer(815301076,1909f56bfc062723c751e8b465ee728b)
Start importing Assets/Prefabs/EndPoint.prefab using Guid(22efa01ae997022469c225a04bb59a1c) Importer(815301076,1909f56bfc062723c751e8b465ee728b) (PreviewImporter) -> (artifact id: '6a95b691cd423735a92c71ba8127062c') in 0.4304385 seconds
Number of updated asset objects reloaded before import = 0Number of asset objects unloaded after import = 9

========================================================================
Received Import Request.
  Time since last request: 0.000027 seconds.
  path: Assets/Prefabs/WhiteButton.prefab
  artifactKey: Guid(0871b472f690b5c4cae3cee2ff7d77a0) Importer(815301076,1909f56bfc062723c751e8b465ee728b)
Start importing Assets/Prefabs/WhiteButton.prefab using Guid(0871b472f690b5c4cae3cee2ff7d77a0) Importer(815301076,1909f56bfc062723c751e8b465ee728b) (PreviewImporter) -> (artifact id: '4052345499b1a5bc738e41939094b292') in 0.0125586 seconds
Number of updated asset objects reloaded before import = 0Number of asset objects unloaded after import = 9

========================================================================
Received Import Request.
  Time since last request: 223.595146 seconds.
  path: ProjectSettings/TagManager.asset
  artifactKey: Guid(00000000000000003000000000000000) Importer(815301076,1909f56bfc062723c751e8b465ee728b)
Start importing ProjectSettings/TagManager.asset using Guid(00000000000000003000000000000000) Importer(815301076,1909f56bfc062723c751e8b465ee728b) (PreviewImporter) -> (artifact id: 'f8afdca93e99ef8662ff73103ed37634') in 0.0012159 seconds
Number of updated asset objects reloaded before import = 0Number of asset objects unloaded after import = 0

========================================================================
Received Import Request.
  Time since last request: 3011.491389 seconds.
  path: Assets/Prefabs/Map.prefab
  artifactKey: Guid(27354535b7063804a979939d3758b2a0) Importer(815301076,1909f56bfc062723c751e8b465ee728b)
Start importing Assets/Prefabs/Map.prefab using Guid(27354535b7063804a979939d3758b2a0) Importer(815301076,1909f56bfc062723c751e8b465ee728b) (PreviewImporter) -> (artifact id: 'f4556cedc44a17bd10f36b274160c48c') in 0.0215351 seconds
Number of updated asset objects reloaded before import = 0Number of asset objects unloaded after import = 46

========================================================================
Received Import Request.
  Time since last request: 11.501193 seconds.
  path: Assets/Sprites/models.png
  artifactKey: Guid(10288c09b1f917d41926bdb480184f01) Importer(815301076,1909f56bfc062723c751e8b465ee728b)
Start importing Assets/Sprites/models.png using Guid(10288c09b1f917d41926bdb480184f01) Importer(815301076,1909f56bfc062723c751e8b465ee728b) (PreviewImporter) -> (artifact id: 'e2b0ba0dc08ae9a16edc72ab64b38e45') in 0.0537226 seconds
Number of updated asset objects reloaded before import = 0Number of asset objects unloaded after import = 17

========================================================================
Received Import Request.
  Time since last request: 0.000017 seconds.
  path: Assets/Sprites/models_5.asset
  artifactKey: Guid(b38dca74ac57fd74c9d59aa080b99df6) Importer(815301076,1909f56bfc062723c751e8b465ee728b)
Start importing Assets/Sprites/models_5.asset using Guid(b38dca74ac57fd74c9d59aa080b99df6) Importer(815301076,1909f56bfc062723c751e8b465ee728b) (PreviewImporter) -> (artifact id: '206c34668c4a432c9b9b8bd9ac76a3e6') in 0.0138598 seconds
Number of updated asset objects reloaded before import = 0Number of asset objects unloaded after import = 3

========================================================================
Received Import Request.
  Time since last request: 0.000018 seconds.
  path: Assets/Sprites/models_8.asset
  artifactKey: Guid(5a0a29bafbbac3f49ab67dbaf0da2735) Importer(815301076,1909f56bfc062723c751e8b465ee728b)
Start importing Assets/Sprites/models_8.asset using Guid(5a0a29bafbbac3f49ab67dbaf0da2735) Importer(815301076,1909f56bfc062723c751e8b465ee728b) (PreviewImporter) -> (artifact id: '74049d1e89f3e915a3ffb26471701c7e') in 0.0100622 seconds
Number of updated asset objects reloaded before import = 0Number of asset objects unloaded after import = 3

========================================================================
Received Import Request.
  Time since last request: 0.000024 seconds.
  path: Assets/Sprites/models_11.asset
  artifactKey: Guid(53054151ad86f5a47b3ddb0d94f8ccc7) Importer(815301076,1909f56bfc062723c751e8b465ee728b)
Start importing Assets/Sprites/models_11.asset using Guid(53054151ad86f5a47b3ddb0d94f8ccc7) Importer(815301076,1909f56bfc062723c751e8b465ee728b) (PreviewImporter) -> (artifact id: 'b3f6d38da770ae24f5bfd75aae72d1da') in 0.0042341 seconds
Number of updated asset objects reloaded before import = 0Number of asset objects unloaded after import = 3

========================================================================
Received Import Request.
  Time since last request: 0.000021 seconds.
  path: Assets/Sprites/models_13.asset
  artifactKey: Guid(740398f97e0aed74e97915636acaf90b) Importer(815301076,1909f56bfc062723c751e8b465ee728b)
Start importing Assets/Sprites/models_13.asset using Guid(740398f97e0aed74e97915636acaf90b) Importer(815301076,1909f56bfc062723c751e8b465ee728b) (PreviewImporter) -> (artifact id: '6b4c077781fcadc510c846641d11eb6c') in 0.0042466 seconds
Number of updated asset objects reloaded before import = 0Number of asset objects unloaded after import = 3

========================================================================
Received Import Request.
  Time since last request: 0.000029 seconds.
  path: Assets/Sprites/models_9.asset
  artifactKey: Guid(331810f44107c7b4cadab1d9545dcf06) Importer(815301076,1909f56bfc062723c751e8b465ee728b)
Start importing Assets/Sprites/models_9.asset using Guid(331810f44107c7b4cadab1d9545dcf06) Importer(815301076,1909f56bfc062723c751e8b465ee728b) (PreviewImporter) -> (artifact id: 'b1ae12c111fe6bfbfbcea4317a05b825') in 0.0043927 seconds
Number of updated asset objects reloaded before import = 0Number of asset objects unloaded after import = 3

========================================================================
Received Import Request.
  Time since last request: 0.000017 seconds.
  path: Assets/Sprites/models_4.asset
  artifactKey: Guid(9a9079ab2ea8ee74d8bcb881bb4d2582) Importer(815301076,1909f56bfc062723c751e8b465ee728b)
Start importing Assets/Sprites/models_4.asset using Guid(9a9079ab2ea8ee74d8bcb881bb4d2582) Importer(815301076,1909f56bfc062723c751e8b465ee728b) (PreviewImporter) -> (artifact id: '869e6c8aabf0b8137a4e605d8ebfc6bb') in 0.0094661 seconds
Number of updated asset objects reloaded before import = 0Number of asset objects unloaded after import = 3

========================================================================
Received Import Request.
  Time since last request: 23.601050 seconds.
  path: Assets/Sprites/models.png
  artifactKey: Guid(10288c09b1f917d41926bdb480184f01) Importer(815301076,1909f56bfc062723c751e8b465ee728b)
Start importing Assets/Sprites/models.png using Guid(10288c09b1f917d41926bdb480184f01) Importer(815301076,1909f56bfc062723c751e8b465ee728b) (PreviewImporter) -> (artifact id: '45c0c06c7c1a055b06153978318c52d9') in 0.0287577 seconds
Number of updated asset objects reloaded before import = 0Number of asset objects unloaded after import = 22

========================================================================
Received Import Request.
  Time since last request: 0.000018 seconds.
  path: Assets/Sprites/models_14.asset
  artifactKey: Guid(3edc4caa7062f354a8c3ca3430f153d6) Importer(815301076,1909f56bfc062723c751e8b465ee728b)
Start importing Assets/Sprites/models_14.asset using Guid(3edc4caa7062f354a8c3ca3430f153d6) Importer(815301076,1909f56bfc062723c751e8b465ee728b) (PreviewImporter) -> (artifact id: '8d53cbf24d9cf6654bc16a946db4929e') in 0.0086719 seconds
Number of updated asset objects reloaded before import = 0Number of asset objects unloaded after import = 3

========================================================================
Received Import Request.
  Time since last request: 0.000019 seconds.
  path: Assets/Sprites/models_7.asset
  artifactKey: Guid(543097ecfeb682a4badd4a24fc1795a0) Importer(815301076,1909f56bfc062723c751e8b465ee728b)
Start importing Assets/Sprites/models_7.asset using Guid(543097ecfeb682a4badd4a24fc1795a0) Importer(815301076,1909f56bfc062723c751e8b465ee728b) (PreviewImporter) -> (artifact id: '6f9353c357616da1bcc6d651cfa7d42a') in 0.0043776 seconds
Number of updated asset objects reloaded before import = 0Number of asset objects unloaded after import = 3

========================================================================
Received Import Request.
  Time since last request: 0.000017 seconds.
  path: Assets/Sprites/models_11.asset
  artifactKey: Guid(53054151ad86f5a47b3ddb0d94f8ccc7) Importer(815301076,1909f56bfc062723c751e8b465ee728b)
Start importing Assets/Sprites/models_11.asset using Guid(53054151ad86f5a47b3ddb0d94f8ccc7) Importer(815301076,1909f56bfc062723c751e8b465ee728b) (PreviewImporter) -> (artifact id: 'b4ca9c05380774adf22ad9cbe8c3743a') in 0.0040022 seconds
Number of updated asset objects reloaded before import = 0Number of asset objects unloaded after import = 3

========================================================================
Received Import Request.
  Time since last request: 0.000020 seconds.
  path: Assets/Sprites/models_9.asset
  artifactKey: Guid(331810f44107c7b4cadab1d9545dcf06) Importer(815301076,1909f56bfc062723c751e8b465ee728b)
Start importing Assets/Sprites/models_9.asset using Guid(331810f44107c7b4cadab1d9545dcf06) Importer(815301076,1909f56bfc062723c751e8b465ee728b) (PreviewImporter) -> (artifact id: '47d6fd791d3532fb5a306197e866b65f') in 0.0053316 seconds
Number of updated asset objects reloaded before import = 0Number of asset objects unloaded after import = 3

========================================================================
Received Import Request.
  Time since last request: 40.654612 seconds.
  path: Assets/Prefabs/Map.prefab
  artifactKey: Guid(27354535b7063804a979939d3758b2a0) Importer(815301076,1909f56bfc062723c751e8b465ee728b)
Start importing Assets/Prefabs/Map.prefab using Guid(27354535b7063804a979939d3758b2a0) Importer(815301076,1909f56bfc062723c751e8b465ee728b) (PreviewImporter) -> (artifact id: 'd822ae2e81455022ca7bb82139ce2e70') in 0.0069811 seconds
Number of updated asset objects reloaded before import = 0Number of asset objects unloaded after import = 46

========================================================================
Received Import Request.
  Time since last request: 14.727426 seconds.
  path: Assets/Sprites/models_0.asset
  artifactKey: Guid(a8fdcd96c3706ce45a0a670e6d70dfbd) Importer(815301076,1909f56bfc062723c751e8b465ee728b)
Start importing Assets/Sprites/models_0.asset using Guid(a8fdcd96c3706ce45a0a670e6d70dfbd) Importer(815301076,1909f56bfc062723c751e8b465ee728b) (PreviewImporter) -> (artifact id: '20bca012d3aecc5f0fa95b9e2dee8650') in 0.0095742 seconds
Number of updated asset objects reloaded before import = 0Number of asset objects unloaded after import = 3

========================================================================
Received Import Request.
  Time since last request: 0.000016 seconds.
  path: Assets/Sprites/models_19.asset
  artifactKey: Guid(16131dd0bbdd2cf4182fc8996536e3b6) Importer(815301076,1909f56bfc062723c751e8b465ee728b)
Start importing Assets/Sprites/models_19.asset using Guid(16131dd0bbdd2cf4182fc8996536e3b6) Importer(815301076,1909f56bfc062723c751e8b465ee728b) (PreviewImporter) -> (artifact id: '910cef42cb5e08c9368490bbc0221f58') in 0.0079498 seconds
Number of updated asset objects reloaded before import = 0Number of asset objects unloaded after import = 3

========================================================================
Received Import Request.
  Time since last request: 75.591395 seconds.
  path: Assets/Scenes/Level 3.unity
  artifactKey: Guid(7e465f361396d1543b47da581f46bc78) Importer(815301076,1909f56bfc062723c751e8b465ee728b)
Start importing Assets/Scenes/Level 3.unity using Guid(7e465f361396d1543b47da581f46bc78) Importer(815301076,1909f56bfc062723c751e8b465ee728b) (PreviewImporter) -> (artifact id: '6fa5e97e6aa76604d1a4c6935a087637') in 0.0005139 seconds
Number of updated asset objects reloaded before import = 0Number of asset objects unloaded after import = 0

========================================================================
Received Import Request.
  Time since last request: 336.629451 seconds.
  path: Assets/Prefabs/Map.prefab
  artifactKey: Guid(27354535b7063804a979939d3758b2a0) Importer(815301076,1909f56bfc062723c751e8b465ee728b)
Start importing Assets/Prefabs/Map.prefab using Guid(27354535b7063804a979939d3758b2a0) Importer(815301076,1909f56bfc062723c751e8b465ee728b) (PreviewImporter) -> (artifact id: '246ae0de1eb5e894ce804b3b8dc1535f') in 0.0072658 seconds
Number of updated asset objects reloaded before import = 0Number of asset objects unloaded after import = 46

========================================================================
Received Import Request.
  Time since last request: 5.153030 seconds.
  path: Assets/Sprites/models.png
  artifactKey: Guid(10288c09b1f917d41926bdb480184f01) Importer(815301076,1909f56bfc062723c751e8b465ee728b)
Start importing Assets/Sprites/models.png using Guid(10288c09b1f917d41926bdb480184f01) Importer(815301076,1909f56bfc062723c751e8b465ee728b) (PreviewImporter) -> (artifact id: 'f7cff245ad4944d282fdf7834201094d') in 0.0304982 seconds
Number of updated asset objects reloaded before import = 0Number of asset objects unloaded after import = 22

========================================================================
Received Import Request.
  Time since last request: 0.000047 seconds.
  path: Assets/Sprites/models_18.asset
  artifactKey: Guid(cd23a87a9120f1f49af5a32b52fe34f8) Importer(815301076,1909f56bfc062723c751e8b465ee728b)
Start importing Assets/Sprites/models_18.asset using Guid(cd23a87a9120f1f49af5a32b52fe34f8) Importer(815301076,1909f56bfc062723c751e8b465ee728b) (PreviewImporter) -> (artifact id: 'b9a7fd9f6f170e1f70815b43c7f65546') in 0.0100688 seconds
Number of updated asset objects reloaded before import = 0Number of asset objects unloaded after import = 3

========================================================================
Received Import Request.
  Time since last request: 0.000018 seconds.
  path: Assets/Sprites/models_14.asset
  artifactKey: Guid(3edc4caa7062f354a8c3ca3430f153d6) Importer(815301076,1909f56bfc062723c751e8b465ee728b)
Start importing Assets/Sprites/models_14.asset using Guid(3edc4caa7062f354a8c3ca3430f153d6) Importer(815301076,1909f56bfc062723c751e8b465ee728b) (PreviewImporter) -> (artifact id: 'be43ebe1d445a441a2ce24a48c502a97') in 0.0095358 seconds
Number of updated asset objects reloaded before import = 0Number of asset objects unloaded after import = 3

========================================================================
Received Import Request.
  Time since last request: 0.000016 seconds.
  path: Assets/Sprites/models_7.asset
  artifactKey: Guid(543097ecfeb682a4badd4a24fc1795a0) Importer(815301076,1909f56bfc062723c751e8b465ee728b)
Start importing Assets/Sprites/models_7.asset using Guid(543097ecfeb682a4badd4a24fc1795a0) Importer(815301076,1909f56bfc062723c751e8b465ee728b) (PreviewImporter) -> (artifact id: '8e36310b50d38b94c2ae435efa5e97e2') in 0.0088328 seconds
Number of updated asset objects reloaded before import = 0Number of asset objects unloaded after import = 3

========================================================================
Received Import Request.
  Time since last request: 0.000019 seconds.
  path: Assets/Sprites/models_10.asset
  artifactKey: Guid(5d20c62234c7f4044bb94fc36fef9523) Importer(815301076,1909f56bfc062723c751e8b465ee728b)
Start importing Assets/Sprites/models_10.asset using Guid(5d20c62234c7f4044bb94fc36fef9523) Importer(815301076,1909f56bfc062723c751e8b465ee728b) (PreviewImporter) -> (artifact id: '7beb2e57f6e4a743c09a967948e19676') in 0.0040599 seconds
Number of updated asset objects reloaded before import = 0Number of asset objects unloaded after import = 3

========================================================================
Received Import Request.
  Time since last request: 0.000026 seconds.
  path: Assets/Sprites/models_12.asset
  artifactKey: Guid(4054065780147974a8e73598a73d20ff) Importer(815301076,1909f56bfc062723c751e8b465ee728b)
Start importing Assets/Sprites/models_12.asset using Guid(4054065780147974a8e73598a73d20ff) Importer(815301076,1909f56bfc062723c751e8b465ee728b) (PreviewImporter) -> (artifact id: 'f58d60277fa0afe2198bc880cba50e6b') in 0.0044234 seconds
Number of updated asset objects reloaded before import = 0Number of asset objects unloaded after import = 3

========================================================================
Received Import Request.
  Time since last request: 0.000015 seconds.
  path: Assets/Sprites/models_17.asset
  artifactKey: Guid(76ece891de191574ea28302b95308a38) Importer(815301076,1909f56bfc062723c751e8b465ee728b)
Start importing Assets/Sprites/models_17.asset using Guid(76ece891de191574ea28302b95308a38) Importer(815301076,1909f56bfc062723c751e8b465ee728b) (PreviewImporter) -> (artifact id: '9530bd7e4c3ed5d517757d7475396f4c') in 0.0093541 seconds
Number of updated asset objects reloaded before import = 0Number of asset objects unloaded after import = 3

========================================================================
Received Import Request.
  Time since last request: 0.000018 seconds.
  path: Assets/Sprites/models_1.asset
  artifactKey: Guid(e9a62711bccc6d241aa2f3589779d404) Importer(815301076,1909f56bfc062723c751e8b465ee728b)
Start importing Assets/Sprites/models_1.asset using Guid(e9a62711bccc6d241aa2f3589779d404) Importer(815301076,1909f56bfc062723c751e8b465ee728b) (PreviewImporter) -> (artifact id: '01bfc46c8e0e0ff2357512c893067261') in 0.0049898 seconds
Number of updated asset objects reloaded before import = 0Number of asset objects unloaded after import = 3

========================================================================
Received Import Request.
  Time since last request: 0.000023 seconds.
  path: Assets/Sprites/models_4.asset
  artifactKey: Guid(9a9079ab2ea8ee74d8bcb881bb4d2582) Importer(815301076,1909f56bfc062723c751e8b465ee728b)
Start importing Assets/Sprites/models_4.asset using Guid(9a9079ab2ea8ee74d8bcb881bb4d2582) Importer(815301076,1909f56bfc062723c751e8b465ee728b) (PreviewImporter) -> (artifact id: 'a75b175650341b39707a00c85a7aad04') in 0.0044799 seconds
Number of updated asset objects reloaded before import = 0Number of asset objects unloaded after import = 3

========================================================================
Received Import Request.
  Time since last request: 0.000023 seconds.
  path: Assets/Sprites/models_15.asset
  artifactKey: Guid(0c9ef8f81486f874e9b444e60b8c0fff) Importer(815301076,1909f56bfc062723c751e8b465ee728b)
Start importing Assets/Sprites/models_15.asset using Guid(0c9ef8f81486f874e9b444e60b8c0fff) Importer(815301076,1909f56bfc062723c751e8b465ee728b) (PreviewImporter) -> (artifact id: '2f5f9a6ab648246d9e67d807cfd70c41') in 0.0052484 seconds
Number of updated asset objects reloaded before import = 0Number of asset objects unloaded after import = 3

========================================================================
Received Import Request.
  Time since last request: 10.022235 seconds.
  path: Assets/Sprites/models_0.asset
  artifactKey: Guid(a8fdcd96c3706ce45a0a670e6d70dfbd) Importer(815301076,1909f56bfc062723c751e8b465ee728b)
Start importing Assets/Sprites/models_0.asset using Guid(a8fdcd96c3706ce45a0a670e6d70dfbd) Importer(815301076,1909f56bfc062723c751e8b465ee728b) (PreviewImporter) -> (artifact id: '70697d097ca77b09df35c31eb3df4056') in 0.0051169 seconds
Number of updated asset objects reloaded before import = 0Number of asset objects unloaded after import = 3

========================================================================
Received Import Request.
  Time since last request: 0.000024 seconds.
  path: Assets/Sprites/models_18.asset
  artifactKey: Guid(cd23a87a9120f1f49af5a32b52fe34f8) Importer(815301076,1909f56bfc062723c751e8b465ee728b)
Start importing Assets/Sprites/models_18.asset using Guid(cd23a87a9120f1f49af5a32b52fe34f8) Importer(815301076,1909f56bfc062723c751e8b465ee728b) (PreviewImporter) -> (artifact id: '77fb1d4a0279847222a1761bff81b59a') in 0.0044733 seconds
Number of updated asset objects reloaded before import = 0Number of asset objects unloaded after import = 3

========================================================================
Received Import Request.
  Time since last request: 0.000026 seconds.
  path: Assets/Sprites/models_19.asset
  artifactKey: Guid(16131dd0bbdd2cf4182fc8996536e3b6) Importer(815301076,1909f56bfc062723c751e8b465ee728b)
Start importing Assets/Sprites/models_19.asset using Guid(16131dd0bbdd2cf4182fc8996536e3b6) Importer(815301076,1909f56bfc062723c751e8b465ee728b) (PreviewImporter) -> (artifact id: '2173e0df74248ede7aa4ac1fcc450954') in 0.0049133 seconds
Number of updated asset objects reloaded before import = 0Number of asset objects unloaded after import = 3

========================================================================
Received Import Request.
  Time since last request: 0.000019 seconds.
  path: Assets/Sprites/models_5.asset
  artifactKey: Guid(b38dca74ac57fd74c9d59aa080b99df6) Importer(815301076,1909f56bfc062723c751e8b465ee728b)
Start importing Assets/Sprites/models_5.asset using Guid(b38dca74ac57fd74c9d59aa080b99df6) Importer(815301076,1909f56bfc062723c751e8b465ee728b) (PreviewImporter) -> (artifact id: '2ea189a0415527d75938fe055e119f98') in 0.0043114 seconds
Number of updated asset objects reloaded before import = 0Number of asset objects unloaded after import = 3

========================================================================
Received Import Request.
  Time since last request: 0.000016 seconds.
  path: Assets/Sprites/models_2.asset
  artifactKey: Guid(b4afee7cbf687484db359fde97df3c09) Importer(815301076,1909f56bfc062723c751e8b465ee728b)
Start importing Assets/Sprites/models_2.asset using Guid(b4afee7cbf687484db359fde97df3c09) Importer(815301076,1909f56bfc062723c751e8b465ee728b) (PreviewImporter) -> (artifact id: '98d7c64600aa64072c26c2f5853fc6ee') in 0.0043377 seconds
Number of updated asset objects reloaded before import = 0Number of asset objects unloaded after import = 3

========================================================================
Received Import Request.
  Time since last request: 0.000016 seconds.
  path: Assets/Sprites/models_11.asset
  artifactKey: Guid(53054151ad86f5a47b3ddb0d94f8ccc7) Importer(815301076,1909f56bfc062723c751e8b465ee728b)
Start importing Assets/Sprites/models_11.asset using Guid(53054151ad86f5a47b3ddb0d94f8ccc7) Importer(815301076,1909f56bfc062723c751e8b465ee728b) (PreviewImporter) -> (artifact id: '2428c02619c5f9c3f58824a268a29d81') in 0.004296 seconds
Number of updated asset objects reloaded before import = 0Number of asset objects unloaded after import = 3

========================================================================
Received Import Request.
  Time since last request: 0.000016 seconds.
  path: Assets/Sprites/models_3.asset
  artifactKey: Guid(ee1c6a266f0ab3844b5d0a287f3beeb7) Importer(815301076,1909f56bfc062723c751e8b465ee728b)
Start importing Assets/Sprites/models_3.asset using Guid(ee1c6a266f0ab3844b5d0a287f3beeb7) Importer(815301076,1909f56bfc062723c751e8b465ee728b) (PreviewImporter) -> (artifact id: '357a9a0d404f6997e35a8e5c31370cd3') in 0.0044852 seconds
Number of updated asset objects reloaded before import = 0Number of asset objects unloaded after import = 3

========================================================================
Received Import Request.
  Time since last request: 0.000017 seconds.
  path: Assets/Sprites/models_15.asset
  artifactKey: Guid(0c9ef8f81486f874e9b444e60b8c0fff) Importer(815301076,1909f56bfc062723c751e8b465ee728b)
Start importing Assets/Sprites/models_15.asset using Guid(0c9ef8f81486f874e9b444e60b8c0fff) Importer(815301076,1909f56bfc062723c751e8b465ee728b) (PreviewImporter) -> (artifact id: 'f8b1da102841bb42d71b6c4f016f2d34') in 0.0043652 seconds
Number of updated asset objects reloaded before import = 0Number of asset objects unloaded after import = 3

========================================================================
Received Import Request.
  Time since last request: 16.781288 seconds.
  path: Assets/Sprites/models_0.asset
  artifactKey: Guid(a8fdcd96c3706ce45a0a670e6d70dfbd) Importer(815301076,1909f56bfc062723c751e8b465ee728b)
Start importing Assets/Sprites/models_0.asset using Guid(a8fdcd96c3706ce45a0a670e6d70dfbd) Importer(815301076,1909f56bfc062723c751e8b465ee728b) (PreviewImporter) -> (artifact id: '42a5b9129f9a92c12a4aeb5be0d7c1b5') in 0.004556 seconds
Number of updated asset objects reloaded before import = 0Number of asset objects unloaded after import = 3

========================================================================
Received Import Request.
  Time since last request: 0.000015 seconds.
  path: Assets/Sprites/models_18.asset
  artifactKey: Guid(cd23a87a9120f1f49af5a32b52fe34f8) Importer(815301076,1909f56bfc062723c751e8b465ee728b)
Start importing Assets/Sprites/models_18.asset using Guid(cd23a87a9120f1f49af5a32b52fe34f8) Importer(815301076,1909f56bfc062723c751e8b465ee728b) (PreviewImporter) -> (artifact id: '9f66da4394ddc9a57efb20998e3b5ca9') in 0.0042906 seconds
Number of updated asset objects reloaded before import = 0Number of asset objects unloaded after import = 3

========================================================================
Received Import Request.
  Time since last request: 0.000015 seconds.
  path: Assets/Sprites/models_5.asset
  artifactKey: Guid(b38dca74ac57fd74c9d59aa080b99df6) Importer(815301076,1909f56bfc062723c751e8b465ee728b)
Start importing Assets/Sprites/models_5.asset using Guid(b38dca74ac57fd74c9d59aa080b99df6) Importer(815301076,1909f56bfc062723c751e8b465ee728b) (PreviewImporter) -> (artifact id: '882293346a478ea47ef30a54943281aa') in 0.0042073 seconds
Number of updated asset objects reloaded before import = 0Number of asset objects unloaded after import = 3

========================================================================
Received Import Request.
  Time since last request: 0.000016 seconds.
  path: Assets/Sprites/models_2.asset
  artifactKey: Guid(b4afee7cbf687484db359fde97df3c09) Importer(815301076,1909f56bfc062723c751e8b465ee728b)
Start importing Assets/Sprites/models_2.asset using Guid(b4afee7cbf687484db359fde97df3c09) Importer(815301076,1909f56bfc062723c751e8b465ee728b) (PreviewImporter) -> (artifact id: '98b3c7ffdf232d56a4fdfc003e6ca66f') in 0.0042635 seconds
Number of updated asset objects reloaded before import = 0Number of asset objects unloaded after import = 3

========================================================================
Received Import Request.
  Time since last request: 0.000016 seconds.
  path: Assets/Sprites/models_12.asset
  artifactKey: Guid(4054065780147974a8e73598a73d20ff) Importer(815301076,1909f56bfc062723c751e8b465ee728b)
Start importing Assets/Sprites/models_12.asset using Guid(4054065780147974a8e73598a73d20ff) Importer(815301076,1909f56bfc062723c751e8b465ee728b) (PreviewImporter) -> (artifact id: '47d2a1983f3323d2262db65aef4abf02') in 0.0040659 seconds
Number of updated asset objects reloaded before import = 0Number of asset objects unloaded after import = 3

========================================================================
Received Import Request.
  Time since last request: 0.000020 seconds.
  path: Assets/Sprites/models_3.asset
  artifactKey: Guid(ee1c6a266f0ab3844b5d0a287f3beeb7) Importer(815301076,1909f56bfc062723c751e8b465ee728b)
Start importing Assets/Sprites/models_3.asset using Guid(ee1c6a266f0ab3844b5d0a287f3beeb7) Importer(815301076,1909f56bfc062723c751e8b465ee728b) (PreviewImporter) -> (artifact id: 'b2ce96127e201fdb0aa76c8fa6d6a74d') in 0.0042871 seconds
Number of updated asset objects reloaded before import = 0Number of asset objects unloaded after import = 3

========================================================================
Received Import Request.
  Time since last request: 0.000026 seconds.
  path: Assets/Sprites/models_15.asset
  artifactKey: Guid(0c9ef8f81486f874e9b444e60b8c0fff) Importer(815301076,1909f56bfc062723c751e8b465ee728b)
Start importing Assets/Sprites/models_15.asset using Guid(0c9ef8f81486f874e9b444e60b8c0fff) Importer(815301076,1909f56bfc062723c751e8b465ee728b) (PreviewImporter) -> (artifact id: '47bd0b04a8695023830e3ddc76caef04') in 0.0050919 seconds
Number of updated asset objects reloaded before import = 0Number of asset objects unloaded after import = 3

========================================================================
Received Import Request.
  Time since last request: 37.764191 seconds.
  path: Assets/Sprites/models_21.asset
  artifactKey: Guid(7be1294816bc0c24ebcee09919717207) Importer(815301076,1909f56bfc062723c751e8b465ee728b)
Start importing Assets/Sprites/models_21.asset using Guid(7be1294816bc0c24ebcee09919717207) Importer(815301076,1909f56bfc062723c751e8b465ee728b) (PreviewImporter) -> (artifact id: 'aebd6ef2de3e115d07f8dda1ff35c5af') in 0.0092443 seconds
Number of updated asset objects reloaded before import = 0Number of asset objects unloaded after import = 3

========================================================================
Received Import Request.
  Time since last request: 0.000017 seconds.
  path: Assets/Sprites/models_24.asset
  artifactKey: Guid(d8d108fb85b7ba84986e08e368a61643) Importer(815301076,1909f56bfc062723c751e8b465ee728b)
Start importing Assets/Sprites/models_24.asset using Guid(d8d108fb85b7ba84986e08e368a61643) Importer(815301076,1909f56bfc062723c751e8b465ee728b) (PreviewImporter) -> (artifact id: '17f8c0a84e7d9ba3d2b25369ef778e29') in 0.0087113 seconds
Number of updated asset objects reloaded before import = 0Number of asset objects unloaded after import = 3

========================================================================
Received Import Request.
  Time since last request: 79.903916 seconds.
  path: Assets/Palette/Terrainer_1.asset
  artifactKey: Guid(21764dd43d0a1e54f884e3a3144dcec3) Importer(815301076,1909f56bfc062723c751e8b465ee728b)
Start importing Assets/Palette/Terrainer_1.asset using Guid(21764dd43d0a1e54f884e3a3144dcec3) Importer(815301076,1909f56bfc062723c751e8b465ee728b) (PreviewImporter) -> (artifact id: '33a11c373c07dbd9ad4a23fc572fde5a') in 0.0102914 seconds
Number of updated asset objects reloaded before import = 0Number of asset objects unloaded after import = 3

========================================================================
Received Import Request.
  Time since last request: 0.000021 seconds.
  path: Assets/Palette/Terrainer_6.asset
  artifactKey: Guid(c473a736a460fb54ebb902ba0f997cc6) Importer(815301076,1909f56bfc062723c751e8b465ee728b)
Start importing Assets/Palette/Terrainer_6.asset using Guid(c473a736a460fb54ebb902ba0f997cc6) Importer(815301076,1909f56bfc062723c751e8b465ee728b) (PreviewImporter) -> (artifact id: 'af09f23faab4c6c5c4ac9a9146dc84d2') in 0.0098799 seconds
Number of updated asset objects reloaded before import = 0Number of asset objects unloaded after import = 3

========================================================================
Received Import Request.
  Time since last request: 0.000025 seconds.
  path: Assets/Palette/Terrainer_4.asset
  artifactKey: Guid(ea6384c8b944a4b43806bb2b1fa0a809) Importer(815301076,1909f56bfc062723c751e8b465ee728b)
Start importing Assets/Palette/Terrainer_4.asset using Guid(ea6384c8b944a4b43806bb2b1fa0a809) Importer(815301076,1909f56bfc062723c751e8b465ee728b) (PreviewImporter) -> (artifact id: '1092b4620f0d437a9f99a92e750b813b') in 0.0088629 seconds
Number of updated asset objects reloaded before import = 0Number of asset objects unloaded after import = 3

========================================================================
Received Import Request.
  Time since last request: 0.000021 seconds.
  path: Assets/Palette/Terrainer_8.asset
  artifactKey: Guid(a41d1c995997a494ea17766f9bcaefa1) Importer(815301076,1909f56bfc062723c751e8b465ee728b)
Start importing Assets/Palette/Terrainer_8.asset using Guid(a41d1c995997a494ea17766f9bcaefa1) Importer(815301076,1909f56bfc062723c751e8b465ee728b) (PreviewImporter) -> (artifact id: '8b57c0bc17954644fcbd54604fc42432') in 0.0167866 seconds
Number of updated asset objects reloaded before import = 0Number of asset objects unloaded after import = 3

========================================================================
Received Import Request.
  Time since last request: 0.000016 seconds.
  path: Assets/Palette/Walls.prefab
  artifactKey: Guid(fa3d2810cdffe814d84e3302c2083c75) Importer(815301076,1909f56bfc062723c751e8b465ee728b)
Start importing Assets/Palette/Walls.prefab using Guid(fa3d2810cdffe814d84e3302c2083c75) Importer(815301076,1909f56bfc062723c751e8b465ee728b) (PreviewImporter) -> (artifact id: 'f65f314f961e17971426593f96b57e2e') in 0.0402487 seconds
Number of updated asset objects reloaded before import = 0Number of asset objects unloaded after import = 140

Editor requested this worker to shutdown with reason: Scaling down because of idle timeout
AssetImportWorker is now disconnected from the server
Process exiting
Exiting without the bug reporter. Application will terminate with return code 0